Determining if the pthread_create exist failed with the following output:
Change Dir: /home/computing/catkin_ws/build/CMakeFiles/CMakeTmp

Run Build Command:/usr/bin/make "cmTryCompileExec4273607764/fast"
/usr/bin/make -f CMakeFiles/cmTryCompileExec4273607764.dir/build.make CMakeFiles/cmTryCompileExec4273607764.dir/build
make[1]: Entering directory `/home/computing/catkin_ws/build/CMakeFiles/CMakeTmp'
/usr/bin/cmake -E cmake_progress_report /home/computing/catkin_ws/build/CMakeFiles/CMakeTmp/CMakeFiles 1
Building C object CMakeFiles/cmTryCompileExec4273607764.dir/CheckSymbolExists.c.o
/usr/bin/cc    -o CMakeFiles/cmTryCompileExec4273607764.dir/CheckSymbolExists.c.o   -c /home/computing/catkin_ws/build/CMakeFiles/CMakeTmp/CheckSymbolExists.c
Linking C executable cmTryCompileExec4273607764
/usr/bin/cmake -E cmake_link_script CMakeFiles/cmTryCompileExec4273607764.dir/link.txt --verbose=1
/usr/bin/cc       CMakeFiles/cmTryCompileExec4273607764.dir/CheckSymbolExists.c.o  -o cmTryCompileExec4273607764 -rdynamic 
CMakeFiles/cmTryCompileExec4273607764.dir/CheckSymbolExists.c.o: In function `main':
CheckSymbolExists.c:(.text+0x16): undefined reference to `pthread_create'
collect2: error: ld returned 1 exit status
make[1]: Leaving directory `/home/computing/catkin_ws/build/CMakeFiles/CMakeTmp'
make[1]: *** [cmTryCompileExec4273607764] Error 1
make: *** [cmTryCompileExec4273607764/fast] Error 2

File /home/computing/catkin_ws/build/CMakeFiles/CMakeTmp/CheckSymbolExists.c:
/* */
#include <pthread.h>

int main(int argc, char** argv)
{
  (void)argv;
#ifndef pthread_create
  return ((int*)(&pthread_create))[argc];
#else
  (void)argc;
  return 0;
#endif
}

Determining if the function pthread_create exists in the pthreads failed with the following output:
Change Dir: /home/computing/catkin_ws/build/CMakeFiles/CMakeTmp

Run Build Command:/usr/bin/make "cmTryCompileExec561187044/fast"
/usr/bin/make -f CMakeFiles/cmTryCompileExec561187044.dir/build.make CMakeFiles/cmTryCompileExec561187044.dir/build
make[1]: Entering directory `/home/computing/catkin_ws/build/CMakeFiles/CMakeTmp'
/usr/bin/cmake -E cmake_progress_report /home/computing/catkin_ws/build/CMakeFiles/CMakeTmp/CMakeFiles 1
Building C object CMakeFiles/cmTryCompileExec561187044.dir/CheckFunctionExists.c.o
/usr/bin/cc   -DCHECK_FUNCTION_EXISTS=pthread_create   -o CMakeFiles/cmTryCompileExec561187044.dir/CheckFunctionExists.c.o   -c /usr/share/cmake-2.8/Modules/CheckFunctionExists.c
Linking C executable cmTryCompileExec561187044
/usr/bin/cmake -E cmake_link_script CMakeFiles/cmTryCompileExec561187044.dir/link.txt --verbose=1
/usr/bin/cc   -DCHECK_FUNCTION_EXISTS=pthread_create    CMakeFiles/cmTryCompileExec561187044.dir/CheckFunctionExists.c.o  -o cmTryCompileExec561187044 -rdynamic -lpthreads 
/usr/bin/ld: cannot find -lpthreads
collect2: error: ld returned 1 exit status
make[1]: Leaving directory `/home/computing/catkin_ws/build/CMakeFiles/CMakeTmp'
make[1]: *** [cmTryCompileExec561187044] Error 1
make: *** [cmTryCompileExec561187044/fast] Error 2


